# JRE version: Java(TM) SE Runtime Environment (8.0_65-b17) (build 1.8.0_65-b17)
# Java VM: Java HotSpot(TM) 64-Bit Server VM (25.65-b01 mixed mode windows-amd64 compressed oops)
Heap:
 PSYoungGen      total 314880K, used 189800K [0x00000000eab00000, 0x00000000ff580000, 0x0000000100000000)
  eden space 312832K, 60% used [0x00000000eab00000,0x00000000f645a168,0x00000000fdc80000)
  from space 2048K, 0% used [0x00000000fdc80000,0x00000000fdc80000,0x00000000fde80000)
  to   space 12800K, 0% used [0x00000000fe900000,0x00000000fe900000,0x00000000ff580000)
 ParOldGen       total 72192K, used 31767K [0x00000000c0000000, 0x00000000c4680000, 0x00000000eab00000)
  object space 72192K, 44% used [0x00000000c0000000,0x00000000c1f05d08,0x00000000c4680000)
 Metaspace       used 57069K, capacity 60814K, committed 65832K, reserved 1105920K
  class space    used 7260K, capacity 8472K, committed 9768K, reserved 1048576K
GC Heap History (10 events):
Event: 9877.892 GC heap before
{Heap before GC invocations=50 (full 17):
 PSYoungGen      total 314880K, used 1631K [0x00000000eab00000, 0x00000000ff780000, 0x0000000100000000)
  eden space 312832K, 0% used [0x00000000eab00000,0x00000000eab00000,0x00000000fdc80000)
  from space 2048K, 79% used [0x00000000fdc80000,0x00000000fde17c70,0x00000000fde80000)
  to   space 13824K, 0% used [0x00000000fea00000,0x00000000fea00000,0x00000000ff780000)
 ParOldGen       total 72192K, used 47557K [0x00000000c0000000, 0x00000000c4680000, 0x00000000eab00000)
  object space 72192K, 65% used [0x00000000c0000000,0x00000000c2e714f0,0x00000000c4680000)
 Metaspace       used 58910K, capacity 65268K, committed 65448K, reserved 1105920K
  class space    used 7816K, capacity 9519K, committed 9640K, reserved 1048576K
Event: 9878.097 GC heap after
Heap after GC invocations=50 (full 17):
 PSYoungGen      total 314880K, used 0K [0x00000000eab00000, 0x00000000ff780000, 0x0000000100000000)
  eden space 312832K, 0% used [0x00000000eab00000,0x00000000eab00000,0x00000000fdc80000)
  from space 2048K, 0% used [0x00000000fdc80000,0x00000000fdc80000,0x00000000fde80000)
  to   space 13824K, 0% used [0x00000000fea00000,0x00000000fea00000,0x00000000ff780000)
 ParOldGen       total 72192K, used 46699K [0x00000000c0000000, 0x00000000c4680000, 0x00000000eab00000)
  object space 72192K, 64% used [0x00000000c0000000,0x00000000c2d9af28,0x00000000c4680000)
 Metaspace       used 58910K, capacity 65268K, committed 65448K, reserved 1105920K
  class space    used 7816K, capacity 9519K, committed 9640K, reserved 1048576K
}
Event: 10314.796 GC heap before
{Heap before GC invocations=51 (full 17):
 PSYoungGen      total 314880K, used 130833K [0x00000000eab00000, 0x00000000ff780000, 0x0000000100000000)
  eden space 312832K, 41% used [0x00000000eab00000,0x00000000f2ac4680,0x00000000fdc80000)
  from space 2048K, 0% used [0x00000000fdc80000,0x00000000fdc80000,0x00000000fde80000)
  to   space 13824K, 0% used [0x00000000fea00000,0x00000000fea00000,0x00000000ff780000)
 ParOldGen       total 72192K, used 46699K [0x00000000c0000000, 0x00000000c4680000, 0x00000000eab00000)
  object space 72192K, 64% used [0x00000000c0000000,0x00000000c2d9af28,0x00000000c4680000)
 Metaspace       used 59011K, capacity 65442K, committed 65832K, reserved 1105920K
  class space    used 7829K, capacity 9563K, committed 9768K, reserved 1048576K
Event: 10314.800 GC heap after
Heap after GC invocations=51 (full 17):
 PSYoungGen      total 325632K, used 1591K [0x00000000eab00000, 0x00000000ff680000, 0x0000000100000000)
  eden space 312832K, 0% used [0x00000000eab00000,0x00000000eab00000,0x00000000fdc80000)
  from space 12800K, 12% used [0x00000000fea00000,0x00000000feb8de40,0x00000000ff680000)
  to   space 13312K, 0% used [0x00000000fdc80000,0x00000000fdc80000,0x00000000fe980000)
 ParOldGen       total 72192K, used 46707K [0x00000000c0000000, 0x00000000c4680000, 0x00000000eab00000)
  object space 72192K, 64% used [0x00000000c0000000,0x00000000c2d9cf28,0x00000000c4680000)
 Metaspace       used 59011K, capacity 65442K, committed 65832K, reserved 1105920K
  class space    used 7829K, capacity 9563K, committed 9768K, reserved 1048576K
}
Event: 10314.800 GC heap before
{Heap before GC invocations=52 (full 18):
 PSYoungGen      total 325632K, used 1591K [0x00000000eab00000, 0x00000000ff680000, 0x0000000100000000)
  eden space 312832K, 0% used [0x00000000eab00000,0x00000000eab00000,0x00000000fdc80000)
  from space 12800K, 12% used [0x00000000fea00000,0x00000000feb8de40,0x00000000ff680000)
  to   space 13312K, 0% used [0x00000000fdc80000,0x00000000fdc80000,0x00000000fe980000)
 ParOldGen       total 72192K, used 46707K [0x00000000c0000000, 0x00000000c4680000, 0x00000000eab00000)
  object space 72192K, 64% used [0x00000000c0000000,0x00000000c2d9cf28,0x00000000c4680000)
 Metaspace       used 59011K, capacity 65442K, committed 65832K, reserved 1105920K
  class space    used 7829K, capacity 9563K, committed 9768K, reserved 1048576K
Event: 10314.977 GC heap after
Heap after GC invocations=52 (full 18):
 PSYoungGen      total 325632K, used 0K [0x00000000eab00000, 0x00000000ff680000, 0x0000000100000000)
  eden space 312832K, 0% used [0x00000000eab00000,0x00000000eab00000,0x00000000fdc80000)
  from space 12800K, 0% used [0x00000000fea00000,0x00000000fea00000,0x00000000ff680000)
  to   space 13312K, 0% used [0x00000000fdc80000,0x00000000fdc80000,0x00000000fe980000)
 ParOldGen       total 72192K, used 46751K [0x00000000c0000000, 0x00000000c4680000, 0x00000000eab00000)
  object space 72192K, 64% used [0x00000000c0000000,0x00000000c2da7d58,0x00000000c4680000)
 Metaspace       used 59011K, capacity 65442K, committed 65832K, reserved 1105920K
  class space    used 7829K, capacity 9563K, committed 9768K, reserved 1048576K
}
Event: 15314.947 GC heap before
{Heap before GC invocations=53 (full 18):
 PSYoungGen      total 325632K, used 157787K [0x00000000eab00000, 0x00000000ff680000, 0x0000000100000000)
  eden space 312832K, 50% used [0x00000000eab00000,0x00000000f4516ca8,0x00000000fdc80000)
  from space 12800K, 0% used [0x00000000fea00000,0x00000000fea00000,0x00000000ff680000)
  to   space 13312K, 0% used [0x00000000fdc80000,0x00000000fdc80000,0x00000000fe980000)
 ParOldGen       total 72192K, used 46751K [0x00000000c0000000, 0x00000000c4680000, 0x00000000eab00000)
  object space 72192K, 64% used [0x00000000c0000000,0x00000000c2da7d58,0x00000000c4680000)
 Metaspace       used 59153K, capacity 65562K, committed 65832K, reserved 1105920K
  class space    used 7839K, capacity 9598K, committed 9768K, reserved 1048576K
Event: 15315.013 GC heap after
Heap after GC invocations=53 (full 18):
 PSYoungGen      total 314880K, used 1983K [0x00000000eab00000, 0x00000000ff580000, 0x0000000100000000)
  eden space 312832K, 0% used [0x00000000eab00000,0x00000000eab00000,0x00000000fdc80000)
  from space 2048K, 96% used [0x00000000fdc80000,0x00000000fde6fc50,0x00000000fde80000)
  to   space 12800K, 0% used [0x00000000fe900000,0x00000000fe900000,0x00000000ff580000)
 ParOldGen       total 72192K, used 46759K [0x00000000c0000000, 0x00000000c4680000, 0x00000000eab00000)
  object space 72192K, 64% used [0x00000000c0000000,0x00000000c2da9d58,0x00000000c4680000)
 Metaspace       used 59153K, capacity 65562K, committed 65832K, reserved 1105920K
  class space    used 7839K, capacity 9598K, committed 9768K, reserved 1048576K
}
Event: 15315.013 GC heap before
{Heap before GC invocations=54 (full 19):
 PSYoungGen      total 314880K, used 1983K [0x00000000eab00000, 0x00000000ff580000, 0x0000000100000000)
  eden space 312832K, 0% used [0x00000000eab00000,0x00000000eab00000,0x00000000fdc80000)
  from space 2048K, 96% used [0x00000000fdc80000,0x00000000fde6fc50,0x00000000fde80000)
  to   space 12800K, 0% used [0x00000000fe900000,0x00000000fe900000,0x00000000ff580000)
 ParOldGen       total 72192K, used 46759K [0x00000000c0000000, 0x00000000c4680000, 0x00000000eab00000)
  object space 72192K, 64% used [0x00000000c0000000,0x00000000c2da9d58,0x00000000c4680000)
 Metaspace       used 59153K, capacity 65562K, committed 65832K, reserved 1105920K
  class space    used 7839K, capacity 9598K, committed 9768K, reserved 1048576K
Event: 15315.186 GC heap after
Heap after GC invocations=54 (full 19):
 PSYoungGen      total 314880K, used 0K [0x00000000eab00000, 0x00000000ff580000, 0x0000000100000000)
  eden space 312832K, 0% used [0x00000000eab00000,0x00000000eab00000,0x00000000fdc80000)
  from space 2048K, 0% used [0x00000000fdc80000,0x00000000fdc80000,0x00000000fde80000)
  to   space 12800K, 0% used [0x00000000fe900000,0x00000000fe900000,0x00000000ff580000)
 ParOldGen       total 72192K, used 31767K [0x00000000c0000000, 0x00000000c4680000, 0x00000000eab00000)
  object space 72192K, 44% used [0x00000000c0000000,0x00000000c1f05d08,0x00000000c4680000)
 Metaspace       used 56602K, capacity 59864K, committed 65832K, reserved 1105920K
  class space    used 7142K, capacity 8210K, committed 9768K, reserved 1048576K
}

