# JRE version: Java(TM) SE Runtime Environment (8.0_65-b17) (build 1.8.0_65-b17)
# Java VM: Java HotSpot(TM) 64-Bit Server VM (25.65-b01 mixed mode windows-amd64 compressed oops)
Heap:
 PSYoungGen      total 321536K, used 95024K [0x00000000eab00000, 0x00000000ffd80000, 0x0000000100000000)
  eden space 298496K, 31% used [0x00000000eab00000,0x00000000f07cc258,0x00000000fce80000)
  from space 23040K, 0% used [0x00000000fe700000,0x00000000fe700000,0x00000000ffd80000)
  to   space 24064K, 0% used [0x00000000fce80000,0x00000000fce80000,0x00000000fe600000)
 ParOldGen       total 93184K, used 33466K [0x00000000c0000000, 0x00000000c5b00000, 0x00000000eab00000)
  object space 93184K, 35% used [0x00000000c0000000,0x00000000c20aeae8,0x00000000c5b00000)
 Metaspace       used 60397K, capacity 63912K, committed 68864K, reserved 1107968K
  class space    used 7601K, capacity 8715K, committed 9984K, reserved 1048576K
GC Heap History (10 events):
Event: 6283.894 GC heap before
{Heap before GC invocations=46 (full 16):
 PSYoungGen      total 323584K, used 2511K [0x00000000eab00000, 0x0000000100000000, 0x0000000100000000)
  eden space 296960K, 0% used [0x00000000eab00000,0x00000000eab00000,0x00000000fcd00000)
  from space 26624K, 9% used [0x00000000fe600000,0x00000000fe873c40,0x0000000100000000)
  to   space 25600K, 0% used [0x00000000fcd00000,0x00000000fcd00000,0x00000000fe600000)
 ParOldGen       total 93184K, used 50707K [0x00000000c0000000, 0x00000000c5b00000, 0x00000000eab00000)
  object space 93184K, 54% used [0x00000000c0000000,0x00000000c3184c40,0x00000000c5b00000)
 Metaspace       used 62083K, capacity 67988K, committed 68352K, reserved 1107968K
  class space    used 8182K, capacity 9788K, committed 9984K, reserved 1048576K
Event: 6284.198 GC heap after
Heap after GC invocations=46 (full 16):
 PSYoungGen      total 323584K, used 0K [0x00000000eab00000, 0x0000000100000000, 0x0000000100000000)
  eden space 296960K, 0% used [0x00000000eab00000,0x00000000eab00000,0x00000000fcd00000)
  from space 26624K, 0% used [0x00000000fe600000,0x00000000fe600000,0x0000000100000000)
  to   space 25600K, 0% used [0x00000000fcd00000,0x00000000fcd00000,0x00000000fe600000)
 ParOldGen       total 93184K, used 51827K [0x00000000c0000000, 0x00000000c5b00000, 0x00000000eab00000)
  object space 93184K, 55% used [0x00000000c0000000,0x00000000c329cc60,0x00000000c5b00000)
 Metaspace       used 62083K, capacity 67988K, committed 68352K, reserved 1107968K
  class space    used 8182K, capacity 9788K, committed 9984K, reserved 1048576K
}
Event: 6605.647 GC heap before
{Heap before GC invocations=47 (full 16):
 PSYoungGen      total 323584K, used 156636K [0x00000000eab00000, 0x0000000100000000, 0x0000000100000000)
  eden space 296960K, 52% used [0x00000000eab00000,0x00000000f43f7090,0x00000000fcd00000)
  from space 26624K, 0% used [0x00000000fe600000,0x00000000fe600000,0x0000000100000000)
  to   space 25600K, 0% used [0x00000000fcd00000,0x00000000fcd00000,0x00000000fe600000)
 ParOldGen       total 93184K, used 51827K [0x00000000c0000000, 0x00000000c5b00000, 0x00000000eab00000)
  object space 93184K, 55% used [0x00000000c0000000,0x00000000c329cc60,0x00000000c5b00000)
 Metaspace       used 62294K, capacity 68366K, committed 68608K, reserved 1107968K
  class space    used 8199K, capacity 9859K, committed 9984K, reserved 1048576K
Event: 6605.652 GC heap after
Heap after GC invocations=47 (full 16):
 PSYoungGen      total 322560K, used 2143K [0x00000000eab00000, 0x00000000fff80000, 0x0000000100000000)
  eden space 296960K, 0% used [0x00000000eab00000,0x00000000eab00000,0x00000000fcd00000)
  from space 25600K, 8% used [0x00000000fcd00000,0x00000000fcf17c70,0x00000000fe600000)
  to   space 25088K, 0% used [0x00000000fe700000,0x00000000fe700000,0x00000000fff80000)
 ParOldGen       total 93184K, used 51827K [0x00000000c0000000, 0x00000000c5b00000, 0x00000000eab00000)
  object space 93184K, 55% used [0x00000000c0000000,0x00000000c329cc60,0x00000000c5b00000)
 Metaspace       used 62294K, capacity 68366K, committed 68608K, reserved 1107968K
  class space    used 8199K, capacity 9859K, committed 9984K, reserved 1048576K
}
Event: 6605.652 GC heap before
{Heap before GC invocations=48 (full 17):
 PSYoungGen      total 322560K, used 2143K [0x00000000eab00000, 0x00000000fff80000, 0x0000000100000000)
  eden space 296960K, 0% used [0x00000000eab00000,0x00000000eab00000,0x00000000fcd00000)
  from space 25600K, 8% used [0x00000000fcd00000,0x00000000fcf17c70,0x00000000fe600000)
  to   space 25088K, 0% used [0x00000000fe700000,0x00000000fe700000,0x00000000fff80000)
 ParOldGen       total 93184K, used 51827K [0x00000000c0000000, 0x00000000c5b00000, 0x00000000eab00000)
  object space 93184K, 55% used [0x00000000c0000000,0x00000000c329cc60,0x00000000c5b00000)
 Metaspace       used 62294K, capacity 68366K, committed 68608K, reserved 1107968K
  class space    used 8199K, capacity 9859K, committed 9984K, reserved 1048576K
Event: 6605.902 GC heap after
Heap after GC invocations=48 (full 17):
 PSYoungGen      total 322560K, used 0K [0x00000000eab00000, 0x00000000fff80000, 0x0000000100000000)
  eden space 296960K, 0% used [0x00000000eab00000,0x00000000eab00000,0x00000000fcd00000)
  from space 25600K, 0% used [0x00000000fcd00000,0x00000000fcd00000,0x00000000fe600000)
  to   space 25088K, 0% used [0x00000000fe700000,0x00000000fe700000,0x00000000fff80000)
 ParOldGen       total 93184K, used 49106K [0x00000000c0000000, 0x00000000c5b00000, 0x00000000eab00000)
  object space 93184K, 52% used [0x00000000c0000000,0x00000000c2ff4918,0x00000000c5b00000)
 Metaspace       used 62242K, capacity 68222K, committed 68608K, reserved 1107968K
  class space    used 8189K, capacity 9820K, committed 9984K, reserved 1048576K
}
Event: 7844.625 GC heap before
{Heap before GC invocations=49 (full 17):
 PSYoungGen      total 322560K, used 136006K [0x00000000eab00000, 0x00000000fff80000, 0x0000000100000000)
  eden space 296960K, 45% used [0x00000000eab00000,0x00000000f2fd1a58,0x00000000fcd00000)
  from space 25600K, 0% used [0x00000000fcd00000,0x00000000fcd00000,0x00000000fe600000)
  to   space 25088K, 0% used [0x00000000fe700000,0x00000000fe700000,0x00000000fff80000)
 ParOldGen       total 93184K, used 49106K [0x00000000c0000000, 0x00000000c5b00000, 0x00000000eab00000)
  object space 93184K, 52% used [0x00000000c0000000,0x00000000c2ff4918,0x00000000c5b00000)
 Metaspace       used 62408K, capacity 68520K, committed 68864K, reserved 1107968K
  class space    used 8206K, capacity 9889K, committed 9984K, reserved 1048576K
Event: 7844.630 GC heap after
Heap after GC invocations=49 (full 17):
 PSYoungGen      total 321536K, used 1559K [0x00000000eab00000, 0x00000000ffd80000, 0x0000000100000000)
  eden space 298496K, 0% used [0x00000000eab00000,0x00000000eab00000,0x00000000fce80000)
  from space 23040K, 6% used [0x00000000fe700000,0x00000000fe885e20,0x00000000ffd80000)
  to   space 24064K, 0% used [0x00000000fce80000,0x00000000fce80000,0x00000000fe600000)
 ParOldGen       total 93184K, used 49114K [0x00000000c0000000, 0x00000000c5b00000, 0x00000000eab00000)
  object space 93184K, 52% used [0x00000000c0000000,0x00000000c2ff6918,0x00000000c5b00000)
 Metaspace       used 62408K, capacity 68520K, committed 68864K, reserved 1107968K
  class space    used 8206K, capacity 9889K, committed 9984K, reserved 1048576K
}
Event: 7844.630 GC heap before
{Heap before GC invocations=50 (full 18):
 PSYoungGen      total 321536K, used 1559K [0x00000000eab00000, 0x00000000ffd80000, 0x0000000100000000)
  eden space 298496K, 0% used [0x00000000eab00000,0x00000000eab00000,0x00000000fce80000)
  from space 23040K, 6% used [0x00000000fe700000,0x00000000fe885e20,0x00000000ffd80000)
  to   space 24064K, 0% used [0x00000000fce80000,0x00000000fce80000,0x00000000fe600000)
 ParOldGen       total 93184K, used 49114K [0x00000000c0000000, 0x00000000c5b00000, 0x00000000eab00000)
  object space 93184K, 52% used [0x00000000c0000000,0x00000000c2ff6918,0x00000000c5b00000)
 Metaspace       used 62408K, capacity 68520K, committed 68864K, reserved 1107968K
  class space    used 8206K, capacity 9889K, committed 9984K, reserved 1048576K
Event: 7844.751 GC heap after
Heap after GC invocations=50 (full 18):
 PSYoungGen      total 321536K, used 0K [0x00000000eab00000, 0x00000000ffd80000, 0x0000000100000000)
  eden space 298496K, 0% used [0x00000000eab00000,0x00000000eab00000,0x00000000fce80000)
  from space 23040K, 0% used [0x00000000fe700000,0x00000000fe700000,0x00000000ffd80000)
  to   space 24064K, 0% used [0x00000000fce80000,0x00000000fce80000,0x00000000fe600000)
 ParOldGen       total 93184K, used 33466K [0x00000000c0000000, 0x00000000c5b00000, 0x00000000eab00000)
  object space 93184K, 35% used [0x00000000c0000000,0x00000000c20aeae8,0x00000000c5b00000)
 Metaspace       used 60121K, capacity 63320K, committed 68864K, reserved 1107968K
  class space    used 7555K, capacity 8594K, committed 9984K, reserved 1048576K
}

